Detecting compiler hash for triplet x64-linux...
The following packages will be built and installed:
  * boost-assert[core]:x64-linux -> 1.77.0
  * boost-build[core]:x64-linux -> 1.77.0
  * boost-config[core]:x64-linux -> 1.77.0#2
  * boost-context[core]:x64-linux -> 1.77.0
  * boost-core[core]:x64-linux -> 1.77.0
    boost-coroutine2[core]:x64-linux -> 1.77.0
  * boost-integer[core]:x64-linux -> 1.77.0
  * boost-modular-build-helper[core]:x64-linux -> 1.77.0#2
  * boost-move[core]:x64-linux -> 1.77.0
  * boost-mp11[core]:x64-linux -> 1.77.0
  * boost-pool[core]:x64-linux -> 1.77.0
  * boost-predef[core]:x64-linux -> 1.77.0
  * boost-smart-ptr[core]:x64-linux -> 1.77.0
  * boost-static-assert[core]:x64-linux -> 1.77.0
  * boost-throw-exception[core]:x64-linux -> 1.77.0
  * boost-type-traits[core]:x64-linux -> 1.77.0
  * boost-uninstall[core]:x64-linux -> 1.77.0
  * boost-vcpkg-helpers[core]:x64-linux -> 1.77.0
  * boost-winapi[core]:x64-linux -> 1.77.0
  * vcpkg-cmake[core]:x64-linux -> 2021-09-13
Additional packages (*) will be modified to complete this operation.
Restored 1 packages from /home/obcurelyme/.cache/vcpkg/archives in 5.558 ms. Use --debug to see more details.
Starting package 1/20: boost-uninstall:x64-linux
Building package boost-uninstall[core]:x64-linux...
-- 
Please use the following command when you need to remove all boost ports/components:
    "./vcpkg remove boost-uninstall:x64-linux --recurse"

-- Performing post-build validation
-- Performing post-build validation done
Stored binary cache: /home/obcurelyme/.cache/vcpkg/archives/0d/0d9ce08b354ff490c5878046874f5ecb56a2ab9ee19da3a247635694a42250c7.zip
Installing package boost-uninstall[core]:x64-linux...
Elapsed time for package boost-uninstall:x64-linux: 19.16 ms
Starting package 2/20: boost-vcpkg-helpers:x64-linux
Building package boost-vcpkg-helpers[core]:x64-linux...
-- Performing post-build validation
-- Performing post-build validation done
Stored binary cache: /home/obcurelyme/.cache/vcpkg/archives/2d/2d7e16181fcc4cc32cc06ef454377d830ce13edd931797eb0e8506d73b6d23da.zip
Installing package boost-vcpkg-helpers[core]:x64-linux...
Elapsed time for package boost-vcpkg-helpers:x64-linux: 17.66 ms
Starting package 3/20: vcpkg-cmake:x64-linux
Installing package vcpkg-cmake[core]:x64-linux...
Elapsed time for package vcpkg-cmake:x64-linux: 664.5 us
Starting package 4/20: boost-config:x64-linux
Building package boost-config[core]:x64-linux...
-- Downloading https://github.com/boostorg/config/archive/boost-1.77.0.tar.gz -> boostorg-config-boost-1.77.0.tar.gz...
-- Extracting source /home/obcurelyme/vcpkg/downloads/boostorg-config-boost-1.77.0.tar.gz
-- Applying patch fix-emscripten-compilation.patch
-- Using source at /home/obcurelyme/vcpkg/buildtrees/boost-config/src/ost-1.77.0-c5a073705d.clean
-- Packaging headers
-- Packaging headers done
-- Downloading https://raw.githubusercontent.com/boostorg/boost/boost-1.77.0/LICENSE_1_0.txt -> boost_LICENSE_1_0.txt...
-- Installing: /home/obcurelyme/vcpkg/packages/boost-config_x64-linux/share/boost-config/usage
-- Installing: /home/obcurelyme/vcpkg/packages/boost-config_x64-linux/share/boost-config/copyright
-- Performing post-build validation
-- Performing post-build validation done
Stored binary cache: /home/obcurelyme/.cache/vcpkg/archives/f7/f75581283e6e4c6288f2e9dde8d5fb24880672b28367d596a270c05bc849d496.zip
Installing package boost-config[core]:x64-linux...
Elapsed time for package boost-config:x64-linux: 2.996 s
Starting package 5/20: boost-static-assert:x64-linux
Building package boost-static-assert[core]:x64-linux...
-- Downloading https://github.com/boostorg/static_assert/archive/boost-1.77.0.tar.gz -> boostorg-static_assert-boost-1.77.0.tar.gz...
-- Extracting source /home/obcurelyme/vcpkg/downloads/boostorg-static_assert-boost-1.77.0.tar.gz
-- Using source at /home/obcurelyme/vcpkg/buildtrees/boost-static-assert/src/ost-1.77.0-01bb67957f.clean
-- Packaging headers
-- Packaging headers done
-- Downloading https://raw.githubusercontent.com/boostorg/boost/boost-1.77.0/LICENSE_1_0.txt -> boost_LICENSE_1_0.txt...
-- Installing: /home/obcurelyme/vcpkg/packages/boost-static-assert_x64-linux/share/boost-static-assert/usage
-- Installing: /home/obcurelyme/vcpkg/packages/boost-static-assert_x64-linux/share/boost-static-assert/copyright
-- Performing post-build validation
-- Performing post-build validation done
Stored binary cache: /home/obcurelyme/.cache/vcpkg/archives/09/097d25a92f7acb2f9ed22c6506d16ddf36877c5ade8f95d1ecee71e941eec51a.zip
Installing package boost-static-assert[core]:x64-linux...
Elapsed time for package boost-static-assert:x64-linux: 1.811 s
Starting package 6/20: boost-type-traits:x64-linux
Building package boost-type-traits[core]:x64-linux...
-- Downloading https://github.com/boostorg/type_traits/archive/boost-1.77.0.tar.gz -> boostorg-type_traits-boost-1.77.0.tar.gz...
-- Extracting source /home/obcurelyme/vcpkg/downloads/boostorg-type_traits-boost-1.77.0.tar.gz
-- Using source at /home/obcurelyme/vcpkg/buildtrees/boost-type-traits/src/ost-1.77.0-968a99873d.clean
-- Packaging headers
-- Packaging headers done
-- Downloading https://raw.githubusercontent.com/boostorg/boost/boost-1.77.0/LICENSE_1_0.txt -> boost_LICENSE_1_0.txt...
-- Installing: /home/obcurelyme/vcpkg/packages/boost-type-traits_x64-linux/share/boost-type-traits/usage
-- Installing: /home/obcurelyme/vcpkg/packages/boost-type-traits_x64-linux/share/boost-type-traits/copyright
-- Performing post-build validation
-- Performing post-build validation done
Stored binary cache: /home/obcurelyme/.cache/vcpkg/archives/20/206f6d71fa6025598b53a9523fb7f1e404dca2ae4fcfcfaaa2695385ecae48f4.zip
Installing package boost-type-traits[core]:x64-linux...
Elapsed time for package boost-type-traits:x64-linux: 2.131 s
Starting package 7/20: boost-assert:x64-linux
Building package boost-assert[core]:x64-linux...
-- Downloading https://github.com/boostorg/assert/archive/boost-1.77.0.tar.gz -> boostorg-assert-boost-1.77.0.tar.gz...
-- Extracting source /home/obcurelyme/vcpkg/downloads/boostorg-assert-boost-1.77.0.tar.gz
-- Using source at /home/obcurelyme/vcpkg/buildtrees/boost-assert/src/ost-1.77.0-3c0a5535c1.clean
-- Packaging headers
-- Packaging headers done
-- Downloading https://raw.githubusercontent.com/boostorg/boost/boost-1.77.0/LICENSE_1_0.txt -> boost_LICENSE_1_0.txt...
-- Installing: /home/obcurelyme/vcpkg/packages/boost-assert_x64-linux/share/boost-assert/usage
-- Installing: /home/obcurelyme/vcpkg/packages/boost-assert_x64-linux/share/boost-assert/copyright
-- Performing post-build validation
-- Performing post-build validation done
Stored binary cache: /home/obcurelyme/.cache/vcpkg/archives/1c/1ce9a67ad00c26f73afd1eb68bf7945662056588556616e693a93da3208aec76.zip
Installing package boost-assert[core]:x64-linux...
Elapsed time for package boost-assert:x64-linux: 1.833 s
Starting package 8/20: boost-throw-exception:x64-linux
Building package boost-throw-exception[core]:x64-linux...
-- Downloading https://github.com/boostorg/throw_exception/archive/boost-1.77.0.tar.gz -> boostorg-throw_exception-boost-1.77.0.tar.gz...
-- Extracting source /home/obcurelyme/vcpkg/downloads/boostorg-throw_exception-boost-1.77.0.tar.gz
-- Using source at /home/obcurelyme/vcpkg/buildtrees/boost-throw-exception/src/ost-1.77.0-70ac6481c8.clean
-- Packaging headers
-- Packaging headers done
-- Downloading https://raw.githubusercontent.com/boostorg/boost/boost-1.77.0/LICENSE_1_0.txt -> boost_LICENSE_1_0.txt...
-- Installing: /home/obcurelyme/vcpkg/packages/boost-throw-exception_x64-linux/share/boost-throw-exception/usage
-- Installing: /home/obcurelyme/vcpkg/packages/boost-throw-exception_x64-linux/share/boost-throw-exception/copyright
-- Performing post-build validation
-- Performing post-build validation done
Stored binary cache: /home/obcurelyme/.cache/vcpkg/archives/0f/0f92190950f626b0e40deb76dff1cde8059b96ae705c04ce4c8013baf7a15c30.zip
Installing package boost-throw-exception[core]:x64-linux...
Elapsed time for package boost-throw-exception:x64-linux: 1.569 s
Starting package 9/20: boost-predef:x64-linux
Building package boost-predef[core]:x64-linux...
-- Downloading https://github.com/boostorg/predef/archive/boost-1.77.0.tar.gz -> boostorg-predef-boost-1.77.0.tar.gz...
-- Extracting source /home/obcurelyme/vcpkg/downloads/boostorg-predef-boost-1.77.0.tar.gz
-- Using source at /home/obcurelyme/vcpkg/buildtrees/boost-predef/src/ost-1.77.0-16b08e364c.clean
-- Packaging headers
-- Packaging headers done
-- Downloading https://raw.githubusercontent.com/boostorg/boost/boost-1.77.0/LICENSE_1_0.txt -> boost_LICENSE_1_0.txt...
-- Installing: /home/obcurelyme/vcpkg/packages/boost-predef_x64-linux/share/boost-predef/usage
-- Installing: /home/obcurelyme/vcpkg/packages/boost-predef_x64-linux/share/boost-predef/copyright
-- Performing post-build validation
-- Performing post-build validation done
Stored binary cache: /home/obcurelyme/.cache/vcpkg/archives/b0/b0b55bd9c9d438534d4a845b76503da1850dfb18c9f4c33dda9043354c41ff9e.zip
Installing package boost-predef[core]:x64-linux...
Elapsed time for package boost-predef:x64-linux: 2.175 s
Starting package 10/20: boost-winapi:x64-linux
Building package boost-winapi[core]:x64-linux...
-- Downloading https://github.com/boostorg/winapi/archive/boost-1.77.0.tar.gz -> boostorg-winapi-boost-1.77.0.tar.gz...
-- Extracting source /home/obcurelyme/vcpkg/downloads/boostorg-winapi-boost-1.77.0.tar.gz
-- Using source at /home/obcurelyme/vcpkg/buildtrees/boost-winapi/src/ost-1.77.0-58cb0bd798.clean
-- Packaging headers
-- Packaging headers done
-- Downloading https://raw.githubusercontent.com/boostorg/boost/boost-1.77.0/LICENSE_1_0.txt -> boost_LICENSE_1_0.txt...
-- Installing: /home/obcurelyme/vcpkg/packages/boost-winapi_x64-linux/share/boost-winapi/usage
-- Installing: /home/obcurelyme/vcpkg/packages/boost-winapi_x64-linux/share/boost-winapi/copyright
-- Performing post-build validation
-- Performing post-build validation done
Stored binary cache: /home/obcurelyme/.cache/vcpkg/archives/65/653df2f82f782218705f8b1e664525d7a42b76a4d62b546fdd1ad5d0bfe3d8ec.zip
Installing package boost-winapi[core]:x64-linux...
Elapsed time for package boost-winapi:x64-linux: 1.567 s
Starting package 11/20: boost-core:x64-linux
Building package boost-core[core]:x64-linux...
-- Downloading https://github.com/boostorg/core/archive/boost-1.77.0.tar.gz -> boostorg-core-boost-1.77.0.tar.gz...
-- Extracting source /home/obcurelyme/vcpkg/downloads/boostorg-core-boost-1.77.0.tar.gz
-- Using source at /home/obcurelyme/vcpkg/buildtrees/boost-core/src/ost-1.77.0-43217ce510.clean
-- Packaging headers
-- Packaging headers done
-- Downloading https://raw.githubusercontent.com/boostorg/boost/boost-1.77.0/LICENSE_1_0.txt -> boost_LICENSE_1_0.txt...
-- Installing: /home/obcurelyme/vcpkg/packages/boost-core_x64-linux/share/boost-core/usage
-- Installing: /home/obcurelyme/vcpkg/packages/boost-core_x64-linux/share/boost-core/copyright
-- Performing post-build validation
-- Performing post-build validation done
Stored binary cache: /home/obcurelyme/.cache/vcpkg/archives/41/41afa727b87d23d08081962fb28f7ce95ac6764d083c1084b0d9b2518ade6f59.zip
Installing package boost-core[core]:x64-linux...
Elapsed time for package boost-core:x64-linux: 1.952 s
Starting package 12/20: boost-move:x64-linux
Building package boost-move[core]:x64-linux...
-- Downloading https://github.com/boostorg/move/archive/boost-1.77.0.tar.gz -> boostorg-move-boost-1.77.0.tar.gz...
-- Extracting source /home/obcurelyme/vcpkg/downloads/boostorg-move-boost-1.77.0.tar.gz
-- Using source at /home/obcurelyme/vcpkg/buildtrees/boost-move/src/ost-1.77.0-09cdc2cc09.clean
-- Packaging headers
-- Packaging headers done
-- Downloading https://raw.githubusercontent.com/boostorg/boost/boost-1.77.0/LICENSE_1_0.txt -> boost_LICENSE_1_0.txt...
-- Installing: /home/obcurelyme/vcpkg/packages/boost-move_x64-linux/share/boost-move/usage
-- Installing: /home/obcurelyme/vcpkg/packages/boost-move_x64-linux/share/boost-move/copyright
-- Performing post-build validation
-- Performing post-build validation done
Stored binary cache: /home/obcurelyme/.cache/vcpkg/archives/ae/ae4f8e6cc677875b2ef7ec16bb4515dfd9d72603a0d51fdef0a9fff6bd1158ad.zip
Installing package boost-move[core]:x64-linux...
Elapsed time for package boost-move:x64-linux: 1.994 s
Starting package 13/20: boost-smart-ptr:x64-linux
Building package boost-smart-ptr[core]:x64-linux...
-- Downloading https://github.com/boostorg/smart_ptr/archive/boost-1.77.0.tar.gz -> boostorg-smart_ptr-boost-1.77.0.tar.gz...
-- Extracting source /home/obcurelyme/vcpkg/downloads/boostorg-smart_ptr-boost-1.77.0.tar.gz
-- Using source at /home/obcurelyme/vcpkg/buildtrees/boost-smart-ptr/src/ost-1.77.0-65847f961a.clean
-- Packaging headers
-- Packaging headers done
-- Downloading https://raw.githubusercontent.com/boostorg/boost/boost-1.77.0/LICENSE_1_0.txt -> boost_LICENSE_1_0.txt...
-- Installing: /home/obcurelyme/vcpkg/packages/boost-smart-ptr_x64-linux/share/boost-smart-ptr/usage
-- Installing: /home/obcurelyme/vcpkg/packages/boost-smart-ptr_x64-linux/share/boost-smart-ptr/copyright
-- Performing post-build validation
-- Performing post-build validation done
Stored binary cache: /home/obcurelyme/.cache/vcpkg/archives/df/df40e782dddf429388b56eddda7d2b492507a6ead1af3712815f29be19716564.zip
Installing package boost-smart-ptr[core]:x64-linux...
Elapsed time for package boost-smart-ptr:x64-linux: 1.569 s
Starting package 14/20: boost-integer:x64-linux
Building package boost-integer[core]:x64-linux...
-- Downloading https://github.com/boostorg/integer/archive/boost-1.77.0.tar.gz -> boostorg-integer-boost-1.77.0.tar.gz...
-- Extracting source /home/obcurelyme/vcpkg/downloads/boostorg-integer-boost-1.77.0.tar.gz
-- Using source at /home/obcurelyme/vcpkg/buildtrees/boost-integer/src/ost-1.77.0-ac5518d624.clean
-- Packaging headers
-- Packaging headers done
-- Downloading https://raw.githubusercontent.com/boostorg/boost/boost-1.77.0/LICENSE_1_0.txt -> boost_LICENSE_1_0.txt...
-- Installing: /home/obcurelyme/vcpkg/packages/boost-integer_x64-linux/share/boost-integer/usage
-- Installing: /home/obcurelyme/vcpkg/packages/boost-integer_x64-linux/share/boost-integer/copyright
-- Performing post-build validation
-- Performing post-build validation done
Stored binary cache: /home/obcurelyme/.cache/vcpkg/archives/3f/3f8b85d0d66c415b3cd9328975de572905e4367444f62a743f06465a529ed437.zip
Installing package boost-integer[core]:x64-linux...
Elapsed time for package boost-integer:x64-linux: 2.094 s
Starting package 15/20: boost-pool:x64-linux
Building package boost-pool[core]:x64-linux...
-- Downloading https://github.com/boostorg/pool/archive/boost-1.77.0.tar.gz -> boostorg-pool-boost-1.77.0.tar.gz...
-- Extracting source /home/obcurelyme/vcpkg/downloads/boostorg-pool-boost-1.77.0.tar.gz
-- Using source at /home/obcurelyme/vcpkg/buildtrees/boost-pool/src/ost-1.77.0-0c03ff9b8d.clean
-- Packaging headers
-- Packaging headers done
-- Downloading https://raw.githubusercontent.com/boostorg/boost/boost-1.77.0/LICENSE_1_0.txt -> boost_LICENSE_1_0.txt...
-- Installing: /home/obcurelyme/vcpkg/packages/boost-pool_x64-linux/share/boost-pool/usage
-- Installing: /home/obcurelyme/vcpkg/packages/boost-pool_x64-linux/share/boost-pool/copyright
-- Performing post-build validation
-- Performing post-build validation done
Stored binary cache: /home/obcurelyme/.cache/vcpkg/archives/df/dfbb7a4bd429e8a46ac26b09f58b24d6428ec1cf4f4d39ff8ba63f761012df6c.zip
Installing package boost-pool[core]:x64-linux...
Elapsed time for package boost-pool:x64-linux: 2.88 s
Starting package 16/20: boost-mp11:x64-linux
Building package boost-mp11[core]:x64-linux...
-- Downloading https://github.com/boostorg/mp11/archive/boost-1.77.0.tar.gz -> boostorg-mp11-boost-1.77.0.tar.gz...
-- Extracting source /home/obcurelyme/vcpkg/downloads/boostorg-mp11-boost-1.77.0.tar.gz
-- Using source at /home/obcurelyme/vcpkg/buildtrees/boost-mp11/src/ost-1.77.0-7f965b35e9.clean
-- Packaging headers
-- Packaging headers done
-- Downloading https://raw.githubusercontent.com/boostorg/boost/boost-1.77.0/LICENSE_1_0.txt -> boost_LICENSE_1_0.txt...
-- Installing: /home/obcurelyme/vcpkg/packages/boost-mp11_x64-linux/share/boost-mp11/usage
-- Installing: /home/obcurelyme/vcpkg/packages/boost-mp11_x64-linux/share/boost-mp11/copyright
-- Performing post-build validation
-- Performing post-build validation done
Stored binary cache: /home/obcurelyme/.cache/vcpkg/archives/02/02f49c7af5509eb1da1abee8b9fdbbea71e419b7410a14ff4b8882e3fb644331.zip
Installing package boost-mp11[core]:x64-linux...
Elapsed time for package boost-mp11:x64-linux: 2.339 s
Starting package 17/20: boost-modular-build-helper:x64-linux
Building package boost-modular-build-helper[core]:x64-linux...
-- Performing post-build validation
-- Performing post-build validation done
Stored binary cache: /home/obcurelyme/.cache/vcpkg/archives/15/15a71b37fb34b5de627de17b9ab503eede1f21ca892931da2a24f2abbbad389f.zip
Installing package boost-modular-build-helper[core]:x64-linux...
Elapsed time for package boost-modular-build-helper:x64-linux: 22.77 ms
Starting package 18/20: boost-build:x64-linux
Building package boost-build[core]:x64-linux...
-- Downloading https://github.com/boostorg/build/archive/boost-1.77.0.tar.gz -> boostorg-build-boost-1.77.0.tar.gz...
-- Extracting source /home/obcurelyme/vcpkg/downloads/boostorg-build-boost-1.77.0.tar.gz
-- Using source at /home/obcurelyme/vcpkg/buildtrees/boost-build/src/ost-1.77.0-b7eff2b3a0.clean
-- Downloading https://raw.githubusercontent.com/boostorg/boost/boost-1.77.0/LICENSE_1_0.txt -> boost_LICENSE_1_0.txt...
-- Downloading https://raw.githubusercontent.com/boostorg/boost/boost-1.77.0/boostcpp.jam -> boost-1.77.0-boostcpp.jam...
-- Installing: /home/obcurelyme/vcpkg/packages/boost-build_x64-linux/share/boost-build/copyright
-- Bootstrapping...
-- Performing post-build validation
-- Performing post-build validation done
Stored binary cache: /home/obcurelyme/.cache/vcpkg/archives/e7/e72ddf66d9862a09d13e0d26a8cd44673d216cc0f08c1ff547d7e5a26cf9b64e.zip
Installing package boost-build[core]:x64-linux...
Elapsed time for package boost-build:x64-linux: 16.32 s
Starting package 19/20: boost-context:x64-linux
Building package boost-context[core]:x64-linux...
-- Downloading https://github.com/boostorg/context/archive/boost-1.77.0.tar.gz -> boostorg-context-boost-1.77.0.tar.gz...
-- Extracting source /home/obcurelyme/vcpkg/downloads/boostorg-context-boost-1.77.0.tar.gz
-- Using source at /home/obcurelyme/vcpkg/buildtrees/boost-context/src/ost-1.77.0-7a375ea06d.clean
-- Including /home/obcurelyme/vcpkg/buildtrees/boost-context/vcpkg-b2-options.cmake
-- Configuring x64-linux-dbg
-- Configuring x64-linux-rel
-- Building x64-linux-dbg
-- Building x64-linux-rel
-- Packaging headers
-- Packaging headers done
-- Downloading https://raw.githubusercontent.com/boostorg/boost/boost-1.77.0/LICENSE_1_0.txt -> boost_LICENSE_1_0.txt...
-- Installing: /home/obcurelyme/vcpkg/packages/boost-context_x64-linux/share/boost-context/usage
-- Installing: /home/obcurelyme/vcpkg/packages/boost-context_x64-linux/share/boost-context/copyright
-- Performing post-build validation
-- Performing post-build validation done
Stored binary cache: /home/obcurelyme/.cache/vcpkg/archives/4e/4ec9d82124e62bcd67e7752ffc85aaa4ecd0c31c0d6fc4ffc76b12bbd43eb956.zip
Installing package boost-context[core]:x64-linux...
Elapsed time for package boost-context:x64-linux: 3.454 s
Starting package 20/20: boost-coroutine2:x64-linux
Building package boost-coroutine2[core]:x64-linux...
-- Downloading https://github.com/boostorg/coroutine2/archive/boost-1.77.0.tar.gz -> boostorg-coroutine2-boost-1.77.0.tar.gz...
-- Extracting source /home/obcurelyme/vcpkg/downloads/boostorg-coroutine2-boost-1.77.0.tar.gz
-- Using source at /home/obcurelyme/vcpkg/buildtrees/boost-coroutine2/src/ost-1.77.0-3d75e391dd.clean
-- Packaging headers
-- Packaging headers done
-- Downloading https://raw.githubusercontent.com/boostorg/boost/boost-1.77.0/LICENSE_1_0.txt -> boost_LICENSE_1_0.txt...
-- Installing: /home/obcurelyme/vcpkg/packages/boost-coroutine2_x64-linux/share/boost-coroutine2/usage
-- Installing: /home/obcurelyme/vcpkg/packages/boost-coroutine2_x64-linux/share/boost-coroutine2/copyright
-- Performing post-build validation
-- Performing post-build validation done
Stored binary cache: /home/obcurelyme/.cache/vcpkg/archives/40/400609a61a365cadcd141c6c237b336fcf4158614f5a14eee90aad418bcd3cf3.zip
Installing package boost-coroutine2[core]:x64-linux...
Elapsed time for package boost-coroutine2:x64-linux: 1.231 s

Total elapsed time: 47.99 s

The package boost is compatible with built-in CMake targets:

    find_package(Boost REQUIRED [COMPONENTS <libs>...])
    target_link_libraries(main PRIVATE Boost::boost Boost::<lib1> Boost::<lib2> ...)

